1>------ Build started: Project: TestScores, Configuration: Debug Win32 ------
1>TestScores.cpp
1>C:\Users\Girls Who Code\OneDrive\Documents\Independence University\IU Courses\PRG 204\Week 3\TestScores\TestScores.cpp(31): error C2065: 'average': undeclared identifier
1>C:\Users\Girls Who Code\OneDrive\Documents\Independence University\IU Courses\PRG 204\Week 3\TestScores\TestScores.cpp(33): error C2065: 'average': undeclared identifier
1>Done building project "TestScores.vcxproj" -- FAILED.
========== Build: 0 succeeded, 1 failed, 0 up-to-date, 0 skipped ==========
